<?xml version="1.0" encoding="UTF-8"?>
<!-- Generated by org.testng.reporters.JUnitReportReporter -->
<testsuite skipped="0" hostname="NIT-LPT-R0100" name="com.appium.testcase.LoginTest" tests="1" failures="0" timestamp="03 Jun 2019 13:34:48 GMT" time="5.814" errors="0">
  <testcase name="verify_loginfunctionality_for_valid_credentials" time="5.814" classname="com.appium.testcase.LoginTest"/>
</testsuite> <!-- com.appium.testcase.LoginTest -->
